0 info it worked if it ends with ok
1 verbose cli [ 'C:\\Program Files\\nodejs\\node.exe',
1 verbose cli   'C:\\Users\\alex\\AppData\\Roaming\\npm\\node_modules\\npm\\bin\\npm-cli.js',
1 verbose cli   'run',
1 verbose cli   'build' ]
2 info using npm@3.10.8
3 info using node@v4.2.2
4 verbose run-script [ 'prebuild', 'build', 'postbuild' ]
5 info lifecycle udemy-nodejs-angular2@1.0.0~prebuild: udemy-nodejs-angular2@1.0.0
6 silly lifecycle udemy-nodejs-angular2@1.0.0~prebuild: no script for prebuild, continuing
7 info lifecycle udemy-nodejs-angular2@1.0.0~build: udemy-nodejs-angular2@1.0.0
8 verbose lifecycle udemy-nodejs-angular2@1.0.0~build: unsafe-perm in lifecycle true
9 verbose lifecycle udemy-nodejs-angular2@1.0.0~build: PATH: C:\Users\alex\AppData\Roaming\npm\node_modules\npm\bin\node-gyp-bin;C:\Users\alex\Desktop\nodeJs\03 MongoDB\node_modules\.bin;C:\Program Files (x86)\Lenovo\FusionEngine;C:\Program Files (x86)\Intel\iCLS Client\;C:\Program Files\Intel\iCLS Client\;C:\WINDOWS\system32;C:\WINDOWS;C:\WINDOWS\System32\Wbem;C:\WINDOWS\System32\WindowsPowerShell\v1.0\;C:\Program Files (x86)\ATI Technologies\ATI.ACE\Core-Static;C:\Program Files\Intel\Intel(R) Management Engine Components\DAL;C:\Program Files (x86)\Intel\Intel(R) Management Engine Components\DAL;C:\Program Files\Intel\Intel(R) Management Engine Components\IPT;C:\Program Files (x86)\Intel\Intel(R) Management Engine Components\IPT;C:\Program Files\Intel\WiFi\bin\;C:\Program Files\Common Files\Intel\WirelessCommon\;C:\Program Files (x86)\Common Files\lenovo\easyplussdk\bin;C:\Users\alex\AppData\Local\Android\sdk\platform-tools;C:\Program Files\nodejs\;C:\wamp\bin\php\php5.5.12;C:\ProgramData\ComposerSetup\bin;C:\Program Files (x86)\Skype\Phone\;C:\Program Files (x86)\Brackets\command;C:\Program Files (x86)\GtkSharp\2.12\bin;C:\Program Files (x86)\nodejs\;C:\HashiCorp\Vagrant\bin;C:\Program Files\Git\cmd;C:\Program Files (x86)\Windows Live\Shared;C:\Users\alex\AppData\Local\Programs\Python\Python35-32\Scripts\;C:\Users\alex\AppData\Local\Programs\Python\Python35-32\;C:\Program Files (x86)\Java\jre7\bin;C:\Users\alex\AppData\Roaming\npm;%USERPROFILE%\AppData\Local\Microsoft\WindowsApps;
10 verbose lifecycle udemy-nodejs-angular2@1.0.0~build: CWD: C:\Users\alex\Desktop\nodeJs\03 MongoDB
11 silly lifecycle udemy-nodejs-angular2@1.0.0~build: Args: [ '/d /s /c',
11 silly lifecycle   'del-cli public/js/app && webpack --config webpack.config.dev.js --progress --profile --watch' ]
12 verbose stack Error: kill ENOSYS
12 verbose stack     at exports._errnoException (util.js:874:11)
12 verbose stack     at process.kill (node.js:776:15)
12 verbose stack     at process.listener (C:\Users\alex\AppData\Roaming\npm\node_modules\npm\node_modules\npmlog\node_modules\gauge\node_modules\signal-exit\index.js:86:15)
12 verbose stack     at emitNone (events.js:72:20)
12 verbose stack     at process.emit (events.js:166:7)
12 verbose stack     at processEmit (C:\Users\alex\AppData\Roaming\npm\node_modules\npm\node_modules\npmlog\node_modules\gauge\node_modules\signal-exit\index.js:146:32)
12 verbose stack     at processEmit (C:\Users\alex\AppData\Roaming\npm\node_modules\npm\node_modules\npm-registry-client\node_modules\npmlog\node_modules\gauge\node_modules\signal-exit\index.js:146:32)
12 verbose stack     at Signal.wrap.onsignal (node.js:802:46)
13 verbose cwd C:\Users\alex\Desktop\nodeJs\03 MongoDB
14 error Windows_NT 10.0.14393
15 error argv "C:\\Program Files\\nodejs\\node.exe" "C:\\Users\\alex\\AppData\\Roaming\\npm\\node_modules\\npm\\bin\\npm-cli.js" "run" "build"
16 error node v4.2.2
17 error npm  v3.10.8
18 error code ENOSYS
19 error errno ENOSYS
20 error syscall kill
21 error kill ENOSYS
22 error If you need help, you may report this error at:
22 error     <https://github.com/npm/npm/issues>
23 verbose exit [ 1, true ]
